[GIN-debug] [WARNING] Creating an Engine instance with the Logger and Recovery middleware already attached.

[GIN-debug] [WARNING] Running in "debug" mode. Switch to "release" mode in production.
 - using env:	export GIN_MODE=release
 - using code:	gin.SetMode(gin.ReleaseMode)

[GIN-debug] GET    /assets/*filepath         --> github.com/gin-gonic/gin.(*RouterGroup).createStaticHandler.func1 (4 handlers)
[GIN-debug] HEAD   /assets/*filepath         --> github.com/gin-gonic/gin.(*RouterGroup).createStaticHandler.func1 (4 handlers)
[GIN-debug] GET    /                         --> main.main.func1 (4 handlers)
[GIN-debug] GET    /api/projects             --> sirius/internal/handlers.(*Handler).GetProjects-fm (4 handlers)
[GIN-debug] POST   /api/projects             --> sirius/internal/handlers.(*Handler).CreateProject-fm (4 handlers)
[GIN-debug] PUT    /api/projects/:id         --> sirius/internal/handlers.(*Handler).UpdateProject-fm (4 handlers)
[GIN-debug] DELETE /api/projects/:id         --> sirius/internal/handlers.(*Handler).DeleteProject-fm (4 handlers)
[GIN-debug] GET    /api/tasks                --> sirius/internal/handlers.(*Handler).GetTasks-fm (4 handlers)
[GIN-debug] POST   /api/tasks                --> sirius/internal/handlers.(*Handler).CreateTask-fm (4 handlers)
[GIN-debug] PUT    /api/tasks/:id            --> sirius/internal/handlers.(*Handler).UpdateTask-fm (4 handlers)
[GIN-debug] DELETE /api/tasks/:id            --> sirius/internal/handlers.(*Handler).DeleteTask-fm (4 handlers)
[GIN-debug] PATCH  /api/tasks/:id/toggle     --> sirius/internal/handlers.(*Handler).ToggleTask-fm (4 handlers)
[GIN-debug] PATCH  /api/tasks/:id/status     --> sirius/internal/handlers.(*Handler).SetTaskStatus-fm (4 handlers)
[GIN-debug] GET    /api/agents               --> sirius/internal/handlers.(*Handler).GetAgents-fm (4 handlers)
[GIN-debug] GET    /api/agents/sessions      --> sirius/internal/handlers.(*Handler).GetAgentSessions-fm (4 handlers)
[GIN-debug] POST   /api/agents               --> sirius/internal/handlers.(*Handler).StartAgent-fm (4 handlers)
[GIN-debug] GET    /api/agents/:id           --> sirius/internal/handlers.(*Handler).GetAgentOutput-fm (4 handlers)
[GIN-debug] POST   /api/agents/:id/output    --> sirius/internal/handlers.(*Handler).AppendAgentOutput-fm (4 handlers)
[GIN-debug] POST   /api/agents/:id/complete  --> sirius/internal/handlers.(*Handler).CompleteAgent-fm (4 handlers)
[GIN-debug] GET    /api/dashboard            --> sirius/internal/handlers.(*Handler).GetDashboard-fm (4 handlers)
[GIN-debug] GET    /api/weather              --> sirius/internal/handlers.(*Handler).GetWeather-fm (4 handlers)
[GIN-debug] GET    /api/exchange             --> sirius/internal/handlers.(*Handler).GetExchange-fm (4 handlers)
[GIN-debug] GET    /api/exchange/history     --> sirius/internal/handlers.(*Handler).GetExchangeHistory-fm (4 handlers)
[GIN-debug] GET    /api/exchange/predictions --> sirius/internal/handlers.(*Handler).GetExchangePredictions-fm (4 handlers)
[GIN-debug] GET    /api/news                 --> sirius/internal/handlers.(*Handler).GetNews-fm (4 handlers)
[GIN-debug] GET    /ws                       --> sirius/internal/handlers.(*Handler).HandleWebSocket-fm (4 handlers)
2026/04/15 13:10:49 🚀 Sirius server running on port 8080
2026/04/15 13:10:49 📊 Dashboard: http://localhost:8080
[GIN-debug] [WARNING] You trusted all proxies, this is NOT safe. We recommend you to set a value.
Please check https://pkg.go.dev/github.com/gin-gonic/gin#readme-don-t-trust-all-proxies for details.
[GIN-debug] Listening and serving HTTP on :8080
2026/04/15 13:10:49 [AgentService] OpenClaw returned status 404
[GIN] 2026/04/15 - 13:10:51 | 200 |    6.353127ms |             ::1 | HEAD     "/"
2026/04/15 13:11:19 [AgentService] OpenClaw returned status 404
2026/04/15 13:11:48 [AgentService] OpenClaw returned status 404
2026/04/15 13:12:18 [AgentService] OpenClaw returned status 404
2026/04/15 13:12:48 [AgentService] OpenClaw returned status 404
2026/04/15 13:13:18 [AgentService] OpenClaw returned status 404
2026/04/15 13:13:48 [AgentService] OpenClaw returned status 404
2026/04/15 13:14:17 [AgentService] OpenClaw returned status 404
2026/04/15 13:14:47 [AgentService] OpenClaw returned status 404
2026/04/15 13:15:17 [AgentService] OpenClaw returned status 404
2026/04/15 13:15:47 [AgentService] OpenClaw returned status 404
2026/04/15 13:16:17 [AgentService] OpenClaw returned status 404
2026/04/15 13:16:47 [AgentService] OpenClaw returned status 404
2026/04/15 13:17:17 [AgentService] OpenClaw returned status 404
2026/04/15 13:17:46 [AgentService] OpenClaw returned status 404
2026/04/15 13:18:16 [AgentService] OpenClaw returned status 404
2026/04/15 13:18:46 [AgentService] OpenClaw returned status 404
2026/04/15 13:19:16 [AgentService] OpenClaw returned status 404
2026/04/15 13:19:46 [AgentService] OpenClaw returned status 404
2026/04/15 13:20:16 [AgentService] OpenClaw returned status 404
2026/04/15 13:20:45 [AgentService] OpenClaw returned status 404
2026/04/15 13:21:15 [AgentService] OpenClaw returned status 404
2026/04/15 13:21:45 [AgentService] OpenClaw returned status 404
2026/04/15 13:22:15 [AgentService] OpenClaw returned status 404
2026/04/15 13:22:45 [AgentService] OpenClaw returned status 404
2026/04/15 13:23:15 [AgentService] OpenClaw returned status 404
2026/04/15 13:23:45 [AgentService] OpenClaw returned status 404
2026/04/15 13:24:14 [AgentService] OpenClaw returned status 404
2026/04/15 13:24:44 [AgentService] OpenClaw returned status 404
2026/04/15 13:25:14 [AgentService] OpenClaw returned status 404
2026/04/15 13:25:44 [AgentService] OpenClaw returned status 404
2026/04/15 13:26:14 [AgentService] OpenClaw returned status 404
2026/04/15 13:26:44 [AgentService] OpenClaw returned status 404
2026/04/15 13:27:14 [AgentService] OpenClaw returned status 404
2026/04/15 13:27:43 [AgentService] OpenClaw returned status 404
2026/04/15 13:28:13 [AgentService] OpenClaw returned status 404
2026/04/15 13:28:43 [AgentService] OpenClaw returned status 404
2026/04/15 13:29:13 [AgentService] OpenClaw returned status 404
2026/04/15 13:29:43 [AgentService] OpenClaw returned status 404
2026/04/15 13:30:13 [AgentService] OpenClaw returned status 404
2026/04/15 13:30:43 [AgentService] OpenClaw returned status 404
2026/04/15 13:31:12 [AgentService] OpenClaw returned status 404
2026/04/15 13:31:42 [AgentService] OpenClaw returned status 404
2026/04/15 13:32:12 [AgentService] OpenClaw returned status 404
2026/04/15 13:32:42 [AgentService] OpenClaw returned status 404
2026/04/15 13:33:12 [AgentService] OpenClaw returned status 404
2026/04/15 13:33:42 [AgentService] OpenClaw returned status 404
2026/04/15 13:34:12 [AgentService] OpenClaw returned status 404
2026/04/15 13:34:41 [AgentService] OpenClaw returned status 404
2026/04/15 13:35:11 [AgentService] OpenClaw returned status 404
2026/04/15 13:35:41 [AgentService] OpenClaw returned status 404
2026/04/15 13:36:11 [AgentService] OpenClaw returned status 404
2026/04/15 13:36:41 [AgentService] OpenClaw returned status 404
2026/04/15 13:37:11 [AgentService] OpenClaw returned status 404
2026/04/15 13:37:40 [AgentService] OpenClaw returned status 404
2026/04/15 13:38:10 [AgentService] OpenClaw returned status 404
2026/04/15 13:38:40 [AgentService] OpenClaw returned status 404
2026/04/15 13:39:10 [AgentService] OpenClaw returned status 404
2026/04/15 13:39:40 [AgentService] OpenClaw returned status 404
2026/04/15 13:40:10 [AgentService] OpenClaw returned status 404
2026/04/15 13:40:40 [AgentService] OpenClaw returned status 404
2026/04/15 13:41:09 [AgentService] OpenClaw returned status 404
2026/04/15 13:41:39 [AgentService] OpenClaw returned status 404
2026/04/15 13:42:09 [AgentService] OpenClaw returned status 404
2026/04/15 13:42:39 [AgentService] OpenClaw returned status 404
2026/04/15 13:43:09 [AgentService] OpenClaw returned status 404
2026/04/15 13:43:39 [AgentService] OpenClaw returned status 404
2026/04/15 13:44:08 [AgentService] OpenClaw returned status 404
2026/04/15 13:44:38 [AgentService] OpenClaw returned status 404
2026/04/15 13:45:08 [AgentService] OpenClaw returned status 404
2026/04/15 13:45:38 [AgentService] OpenClaw returned status 404
2026/04/15 13:46:08 [AgentService] OpenClaw returned status 404
2026/04/15 13:46:38 [AgentService] OpenClaw returned status 404
2026/04/15 13:47:08 [AgentService] OpenClaw returned status 404
2026/04/15 13:47:37 [AgentService] OpenClaw returned status 404
2026/04/15 13:48:07 [AgentService] OpenClaw returned status 404
2026/04/15 13:48:37 [AgentService] OpenClaw returned status 404
2026/04/15 13:49:07 [AgentService] OpenClaw returned status 404
2026/04/15 13:49:37 [AgentService] OpenClaw returned status 404
2026/04/15 13:50:07 [AgentService] OpenClaw returned status 404
2026/04/15 13:50:36 [AgentService] OpenClaw returned status 404
2026/04/15 13:51:06 [AgentService] OpenClaw returned status 404
2026/04/15 13:51:36 [AgentService] OpenClaw returned status 404
2026/04/15 13:52:06 [AgentService] OpenClaw returned status 404
2026/04/15 13:52:36 [AgentService] OpenClaw returned status 404
2026/04/15 13:53:06 [AgentService] OpenClaw returned status 404
2026/04/15 13:53:36 [AgentService] OpenClaw returned status 404
2026/04/15 13:54:05 [AgentService] OpenClaw returned status 404
2026/04/15 13:54:35 [AgentService] OpenClaw returned status 404
2026/04/15 13:55:05 [AgentService] OpenClaw returned status 404
2026/04/15 13:55:35 [AgentService] OpenClaw returned status 404
2026/04/15 13:56:05 [AgentService] OpenClaw returned status 404
2026/04/15 13:56:35 [AgentService] OpenClaw returned status 404
2026/04/15 13:57:04 [AgentService] OpenClaw returned status 404
2026/04/15 13:57:34 [AgentService] OpenClaw returned status 404
2026/04/15 13:58:04 [AgentService] OpenClaw returned status 404
2026/04/15 13:58:34 [AgentService] OpenClaw returned status 404
2026/04/15 13:59:04 [AgentService] OpenClaw returned status 404
2026/04/15 13:59:34 [AgentService] OpenClaw returned status 404
2026/04/15 14:00:03 [AgentService] OpenClaw returned status 404
2026/04/15 14:00:33 [AgentService] OpenClaw returned status 404
2026/04/15 14:01:03 [AgentService] OpenClaw returned status 404
2026/04/15 14:01:33 [AgentService] OpenClaw returned status 404
2026/04/15 14:02:03 [AgentService] OpenClaw returned status 404
2026/04/15 14:02:33 [AgentService] OpenClaw returned status 404
2026/04/15 14:03:03 [AgentService] OpenClaw returned status 404
2026/04/15 14:03:32 [AgentService] OpenClaw returned status 404
2026/04/15 14:04:02 [AgentService] OpenClaw returned status 404
2026/04/15 14:04:32 [AgentService] OpenClaw returned status 404
2026/04/15 14:05:02 [AgentService] OpenClaw returned status 404
2026/04/15 14:05:32 [AgentService] OpenClaw returned status 404
2026/04/15 14:06:02 [AgentService] OpenClaw returned status 404
2026/04/15 14:06:31 [AgentService] OpenClaw returned status 404
2026/04/15 14:07:01 [AgentService] OpenClaw returned status 404
2026/04/15 14:07:31 [AgentService] OpenClaw returned status 404
2026/04/15 14:08:01 [AgentService] OpenClaw returned status 404
2026/04/15 14:08:31 [AgentService] OpenClaw returned status 404
2026/04/15 14:09:01 [AgentService] OpenClaw returned status 404
2026/04/15 14:09:30 [AgentService] OpenClaw returned status 404
2026/04/15 14:10:00 [AgentService] OpenClaw returned status 404
2026/04/15 14:10:30 [AgentService] OpenClaw returned status 404
2026/04/15 14:10:59 [AgentService] OpenClaw returned status 404
2026/04/15 14:11:29 [AgentService] OpenClaw returned status 404
2026/04/15 14:11:59 [AgentService] OpenClaw returned status 404
2026/04/15 14:12:29 [AgentService] OpenClaw returned status 404
2026/04/15 14:12:59 [AgentService] OpenClaw returned status 404
2026/04/15 14:13:29 [AgentService] OpenClaw returned status 404
2026/04/15 14:13:58 [AgentService] OpenClaw returned status 404
2026/04/15 14:14:28 [AgentService] OpenClaw returned status 404
2026/04/15 14:14:57 [AgentService] OpenClaw returned status 404
2026/04/15 14:15:27 [AgentService] OpenClaw returned status 404
2026/04/15 14:15:57 [AgentService] OpenClaw returned status 404
2026/04/15 14:16:26 [AgentService] OpenClaw returned status 404
2026/04/15 14:16:55 [AgentService] OpenClaw returned status 404
2026/04/15 14:17:25 [AgentService] OpenClaw returned status 404
2026/04/15 14:17:55 [AgentService] OpenClaw returned status 404
2026/04/15 14:18:24 [AgentService] OpenClaw returned status 404
2026/04/15 14:18:54 [AgentService] OpenClaw returned status 404
2026/04/15 14:19:24 [AgentService] OpenClaw returned status 404
2026/04/15 14:19:53 [AgentService] OpenClaw returned status 404
2026/04/15 14:20:23 [AgentService] OpenClaw returned status 404
2026/04/15 14:20:52 [AgentService] OpenClaw returned status 404
2026/04/15 14:21:21 [AgentService] OpenClaw returned status 404
2026/04/15 14:21:51 [AgentService] OpenClaw returned status 404
2026/04/15 14:22:20 [AgentService] OpenClaw returned status 404
2026/04/15 14:22:50 [AgentService] OpenClaw returned status 404
2026/04/15 14:23:19 [AgentService] OpenClaw returned status 404
2026/04/15 14:23:49 [AgentService] OpenClaw returned status 404
2026/04/15 14:24:18 [AgentService] OpenClaw returned status 404
2026/04/15 14:24:47 [AgentService] OpenClaw returned status 404
2026/04/15 14:25:17 [AgentService] OpenClaw returned status 404
2026/04/15 14:25:46 [AgentService] OpenClaw returned status 404
2026/04/15 14:26:16 [AgentService] OpenClaw returned status 404
2026/04/15 14:26:45 [AgentService] OpenClaw returned status 404
2026/04/15 14:27:15 [AgentService] OpenClaw returned status 404
2026/04/15 14:27:44 [AgentService] OpenClaw returned status 404
2026/04/15 14:28:14 [AgentService] OpenClaw returned status 404
2026/04/15 14:28:43 [AgentService] OpenClaw returned status 404
2026/04/15 14:29:12 [AgentService] OpenClaw returned status 404
2026/04/15 14:29:42 [AgentService] OpenClaw returned status 404
2026/04/15 14:30:11 [AgentService] OpenClaw returned status 404
2026/04/15 14:30:40 [AgentService] OpenClaw returned status 404
2026/04/15 14:31:10 [AgentService] OpenClaw returned status 404
2026/04/15 14:31:39 [AgentService] OpenClaw returned status 404
2026/04/15 14:32:08 [AgentService] OpenClaw returned status 404
2026/04/15 14:32:38 [AgentService] OpenClaw returned status 404
2026/04/15 14:33:07 [AgentService] OpenClaw returned status 404
2026/04/15 14:33:36 [AgentService] OpenClaw returned status 404
2026/04/15 14:34:06 [AgentService] OpenClaw returned status 404
2026/04/15 14:34:35 [AgentService] OpenClaw returned status 404
2026/04/15 14:35:05 [AgentService] OpenClaw returned status 404
2026/04/15 14:35:34 [AgentService] OpenClaw returned status 404
2026/04/15 14:36:04 [AgentService] OpenClaw returned status 404
2026/04/15 14:36:33 [AgentService] OpenClaw returned status 404
2026/04/15 14:37:03 [AgentService] OpenClaw returned status 404
2026/04/15 14:37:32 [AgentService] OpenClaw returned status 404
2026/04/15 14:38:01 [AgentService] OpenClaw returned status 404
2026/04/15 14:38:31 [AgentService] OpenClaw returned status 404
2026/04/15 14:39:00 [AgentService] OpenClaw returned status 404
2026/04/15 14:39:29 [AgentService] OpenClaw returned status 404
2026/04/15 14:39:59 [AgentService] OpenClaw returned status 404
2026/04/15 14:40:28 [AgentService] OpenClaw returned status 404
2026/04/15 14:40:57 [AgentService] OpenClaw returned status 404
2026/04/15 14:41:27 [AgentService] OpenClaw returned status 404
2026/04/15 14:41:56 [AgentService] OpenClaw returned status 404
2026/04/15 14:42:25 [AgentService] OpenClaw returned status 404
2026/04/15 14:42:55 [AgentService] OpenClaw returned status 404
2026/04/15 14:43:24 [AgentService] OpenClaw returned status 404
2026/04/15 14:43:53 [AgentService] OpenClaw returned status 404
2026/04/15 14:44:22 [AgentService] OpenClaw returned status 404
2026/04/15 14:44:52 [AgentService] OpenClaw returned status 404
2026/04/15 14:45:21 [AgentService] OpenClaw returned status 404
2026/04/15 14:45:50 [AgentService] OpenClaw returned status 404
2026/04/15 14:46:20 [AgentService] OpenClaw returned status 404
2026/04/15 14:46:49 [AgentService] OpenClaw returned status 404
2026/04/15 14:47:18 [AgentService] OpenClaw returned status 404
2026/04/15 14:47:48 [AgentService] OpenClaw returned status 404
2026/04/15 14:48:17 [AgentService] OpenClaw returned status 404
2026/04/15 14:48:46 [AgentService] OpenClaw returned status 404
2026/04/15 14:49:15 [AgentService] OpenClaw returned status 404
2026/04/15 14:49:45 [AgentService] OpenClaw returned status 404
2026/04/15 14:50:14 [AgentService] OpenClaw returned status 404
2026/04/15 14:50:43 [AgentService] OpenClaw returned status 404
2026/04/15 14:51:13 [AgentService] OpenClaw returned status 404
2026/04/15 14:51:42 [AgentService] OpenClaw returned status 404
2026/04/15 14:52:11 [AgentService] OpenClaw returned status 404
2026/04/15 14:52:41 [AgentService] OpenClaw returned status 404
2026/04/15 14:53:10 [AgentService] OpenClaw returned status 404
2026/04/15 14:53:39 [AgentService] OpenClaw returned status 404
2026/04/15 14:54:08 [AgentService] OpenClaw returned status 404
2026/04/15 14:54:38 [AgentService] OpenClaw returned status 404
2026/04/15 14:55:07 [AgentService] OpenClaw returned status 404
2026/04/15 14:55:36 [AgentService] OpenClaw returned status 404
2026/04/15 14:56:05 [AgentService] OpenClaw returned status 404
2026/04/15 14:56:35 [AgentService] OpenClaw returned status 404
2026/04/15 14:57:04 [AgentService] OpenClaw returned status 404
2026/04/15 14:57:33 [AgentService] OpenClaw returned status 404
2026/04/15 14:58:03 [AgentService] OpenClaw returned status 404
2026/04/15 14:58:32 [AgentService] OpenClaw returned status 404
2026/04/15 14:59:01 [AgentService] OpenClaw returned status 404
2026/04/15 14:59:30 [AgentService] OpenClaw returned status 404
2026/04/15 14:59:59 [AgentService] OpenClaw returned status 404
2026/04/15 15:00:29 [AgentService] OpenClaw returned status 404
2026/04/15 15:00:58 [AgentService] OpenClaw returned status 404
2026/04/15 15:01:27 [AgentService] OpenClaw returned status 404
2026/04/15 15:01:57 [AgentService] OpenClaw returned status 404
2026/04/15 15:02:26 [AgentService] OpenClaw returned status 404
2026/04/15 15:02:55 [AgentService] OpenClaw returned status 404
2026/04/15 15:03:24 [AgentService] OpenClaw returned status 404
2026/04/15 15:03:54 [AgentService] OpenClaw returned status 404
2026/04/15 15:04:23 [AgentService] OpenClaw returned status 404
2026/04/15 15:04:52 [AgentService] OpenClaw returned status 404
2026/04/15 15:05:21 [AgentService] OpenClaw returned status 404
2026/04/15 15:05:51 [AgentService] OpenClaw returned status 404
2026/04/15 15:06:20 [AgentService] OpenClaw returned status 404
2026/04/15 15:06:49 [AgentService] OpenClaw returned status 404
2026/04/15 15:07:18 [AgentService] OpenClaw returned status 404
2026/04/15 15:07:48 [AgentService] OpenClaw returned status 404
2026/04/15 15:08:17 [AgentService] OpenClaw returned status 404
2026/04/15 15:08:46 [AgentService] OpenClaw returned status 404
2026/04/15 15:09:15 [AgentService] OpenClaw returned status 404
2026/04/15 15:09:44 [AgentService] OpenClaw returned status 404
2026/04/15 15:10:14 [AgentService] OpenClaw returned status 404
2026/04/15 15:10:43 [AgentService] OpenClaw returned status 404
2026/04/15 15:11:12 [AgentService] OpenClaw returned status 404
2026/04/15 15:11:41 [AgentService] OpenClaw returned status 404
2026/04/15 15:12:11 [AgentService] OpenClaw returned status 404
2026/04/15 15:12:40 [AgentService] OpenClaw returned status 404
2026/04/15 15:13:09 [AgentService] OpenClaw returned status 404
2026/04/15 15:13:38 [AgentService] OpenClaw returned status 404
2026/04/15 15:14:08 [AgentService] OpenClaw returned status 404
2026/04/15 15:14:37 [AgentService] OpenClaw returned status 404
2026/04/15 15:15:06 [AgentService] OpenClaw returned status 404
2026/04/15 15:15:35 [AgentService] OpenClaw returned status 404
2026/04/15 15:16:04 [AgentService] OpenClaw returned status 404
2026/04/15 15:16:34 [AgentService] OpenClaw returned status 404
2026/04/15 15:17:03 [AgentService] OpenClaw returned status 404
2026/04/15 15:17:32 [AgentService] OpenClaw returned status 404
2026/04/15 15:18:01 [AgentService] OpenClaw returned status 404
2026/04/15 15:18:30 [AgentService] OpenClaw returned status 404
2026/04/15 15:19:00 [AgentService] OpenClaw returned status 404
2026/04/15 15:19:29 [AgentService] OpenClaw returned status 404
2026/04/15 15:19:58 [AgentService] OpenClaw returned status 404
2026/04/15 15:20:27 [AgentService] OpenClaw returned status 404
2026/04/15 15:20:57 [AgentService] OpenClaw returned status 404
2026/04/15 15:21:26 [AgentService] OpenClaw returned status 404
2026/04/15 15:21:55 [AgentService] OpenClaw returned status 404
2026/04/15 15:22:24 [AgentService] OpenClaw returned status 404
2026/04/15 15:22:53 [AgentService] OpenClaw returned status 404
2026/04/15 15:23:23 [AgentService] OpenClaw returned status 404
2026/04/15 15:23:52 [AgentService] OpenClaw returned status 404
2026/04/15 15:24:21 [AgentService] OpenClaw returned status 404
2026/04/15 15:24:50 [AgentService] OpenClaw returned status 404
2026/04/15 15:25:19 [AgentService] OpenClaw returned status 404
2026/04/15 15:25:49 [AgentService] OpenClaw returned status 404
2026/04/15 15:26:18 [AgentService] OpenClaw returned status 404
2026/04/15 15:26:47 [AgentService] OpenClaw returned status 404
2026/04/15 15:27:16 [AgentService] OpenClaw returned status 404
2026/04/15 15:27:45 [AgentService] OpenClaw returned status 404
2026/04/15 15:28:15 [AgentService] OpenClaw returned status 404
2026/04/15 15:28:44 [AgentService] OpenClaw returned status 404
2026/04/15 15:29:13 [AgentService] OpenClaw returned status 404
2026/04/15 15:29:42 [AgentService] OpenClaw returned status 404
2026/04/15 15:30:11 [AgentService] OpenClaw returned status 404
2026/04/15 15:30:41 [AgentService] OpenClaw returned status 404
2026/04/15 15:31:10 [AgentService] OpenClaw returned status 404
2026/04/15 15:31:39 [AgentService] OpenClaw returned status 404
2026/04/15 15:32:08 [AgentService] OpenClaw returned status 404
2026/04/15 15:32:37 [AgentService] OpenClaw returned status 404
2026/04/15 15:33:07 [AgentService] OpenClaw returned status 404
2026/04/15 15:33:36 [AgentService] OpenClaw returned status 404
2026/04/15 15:34:05 [AgentService] OpenClaw returned status 404
2026/04/15 15:34:34 [AgentService] OpenClaw returned status 404
2026/04/15 15:35:03 [AgentService] OpenClaw returned status 404
2026/04/15 15:35:32 [AgentService] OpenClaw returned status 404
2026/04/15 15:36:02 [AgentService] OpenClaw returned status 404
2026/04/15 15:36:31 [AgentService] OpenClaw returned status 404
2026/04/15 15:37:00 [AgentService] OpenClaw returned status 404
2026/04/15 15:37:29 [AgentService] OpenClaw returned status 404
2026/04/15 15:37:58 [AgentService] OpenClaw returned status 404
2026/04/15 15:38:28 [AgentService] OpenClaw returned status 404
2026/04/15 15:38:57 [AgentService] OpenClaw returned status 404
2026/04/15 15:39:26 [AgentService] OpenClaw returned status 404
2026/04/15 15:39:55 [AgentService] OpenClaw returned status 404
2026/04/15 15:40:24 [AgentService] OpenClaw returned status 404
2026/04/15 15:40:53 [AgentService] OpenClaw returned status 404
2026/04/15 15:41:23 [AgentService] OpenClaw returned status 404
2026/04/15 15:41:52 [AgentService] OpenClaw returned status 404
2026/04/15 15:42:21 [AgentService] OpenClaw returned status 404
2026/04/15 15:42:50 [AgentService] OpenClaw returned status 404
2026/04/15 15:43:19 [AgentService] OpenClaw returned status 404
2026/04/15 15:43:48 [AgentService] OpenClaw returned status 404
2026/04/15 15:44:18 [AgentService] OpenClaw returned status 404
2026/04/15 15:44:47 [AgentService] OpenClaw returned status 404
2026/04/15 15:45:16 [AgentService] OpenClaw returned status 404
2026/04/15 15:45:45 [AgentService] OpenClaw returned status 404
2026/04/15 15:46:14 [AgentService] OpenClaw returned status 404
2026/04/15 15:46:43 [AgentService] OpenClaw returned status 404
2026/04/15 15:47:13 [AgentService] OpenClaw returned status 404
2026/04/15 15:47:42 [AgentService] OpenClaw returned status 404
2026/04/15 15:48:11 [AgentService] OpenClaw returned status 404
2026/04/15 15:48:40 [AgentService] OpenClaw returned status 404
2026/04/15 15:49:10 [AgentService] OpenClaw returned status 404
2026/04/15 15:49:38 [AgentService] OpenClaw returned status 404
2026/04/15 15:50:07 [AgentService] OpenClaw returned status 404
2026/04/15 15:50:37 [AgentService] OpenClaw returned status 404
2026/04/15 15:51:06 [AgentService] OpenClaw returned status 404
2026/04/15 15:51:35 [AgentService] OpenClaw returned status 404
2026/04/15 15:52:04 [AgentService] OpenClaw returned status 404
2026/04/15 15:52:33 [AgentService] OpenClaw returned status 404
2026/04/15 15:53:02 [AgentService] OpenClaw returned status 404
2026/04/15 15:53:31 [AgentService] OpenClaw returned status 404
2026/04/15 15:54:01 [AgentService] OpenClaw returned status 404
2026/04/15 15:54:30 [AgentService] OpenClaw returned status 404
2026/04/15 15:54:59 [AgentService] OpenClaw returned status 404
2026/04/15 15:55:28 [AgentService] OpenClaw returned status 404
2026/04/15 15:55:57 [AgentService] OpenClaw returned status 404
2026/04/15 15:56:26 [AgentService] OpenClaw returned status 404
2026/04/15 15:56:55 [AgentService] OpenClaw returned status 404
2026/04/15 15:57:25 [AgentService] OpenClaw returned status 404
2026/04/15 15:57:54 [AgentService] OpenClaw returned status 404
2026/04/15 15:58:23 [AgentService] OpenClaw returned status 404
2026/04/15 15:58:52 [AgentService] OpenClaw returned status 404
2026/04/15 15:59:21 [AgentService] OpenClaw returned status 404
2026/04/15 15:59:50 [AgentService] OpenClaw returned status 404
2026/04/15 16:00:19 [AgentService] OpenClaw returned status 404
2026/04/15 16:00:49 [AgentService] OpenClaw returned status 404
2026/04/15 16:01:18 [AgentService] OpenClaw returned status 404
2026/04/15 16:01:47 [AgentService] OpenClaw returned status 404
2026/04/15 16:02:16 [AgentService] OpenClaw returned status 404
2026/04/15 16:02:45 [AgentService] OpenClaw returned status 404
2026/04/15 16:03:14 [AgentService] OpenClaw returned status 404
2026/04/15 16:03:43 [AgentService] OpenClaw returned status 404
2026/04/15 16:04:12 [AgentService] OpenClaw returned status 404
2026/04/15 16:04:42 [AgentService] OpenClaw returned status 404
2026/04/15 16:05:11 [AgentService] OpenClaw returned status 404
2026/04/15 16:05:40 [AgentService] OpenClaw returned status 404
2026/04/15 16:06:09 [AgentService] OpenClaw returned status 404
2026/04/15 16:06:38 [AgentService] OpenClaw returned status 404
2026/04/15 16:07:07 [AgentService] OpenClaw returned status 404
2026/04/15 16:07:36 [AgentService] OpenClaw returned status 404
2026/04/15 16:08:06 [AgentService] OpenClaw returned status 404
2026/04/15 16:08:35 [AgentService] OpenClaw returned status 404
2026/04/15 16:09:04 [AgentService] OpenClaw returned status 404
2026/04/15 16:09:33 [AgentService] OpenClaw returned status 404
2026/04/15 16:10:02 [AgentService] OpenClaw returned status 404
2026/04/15 16:10:31 [AgentService] OpenClaw returned status 404
2026/04/15 16:11:00 [AgentService] OpenClaw returned status 404
2026/04/15 16:11:29 [AgentService] OpenClaw returned status 404
2026/04/15 16:11:58 [AgentService] OpenClaw returned status 404
2026/04/15 16:12:27 [AgentService] OpenClaw returned status 404
2026/04/15 16:12:57 [AgentService] OpenClaw returned status 404
2026/04/15 16:13:26 [AgentService] OpenClaw returned status 404
2026/04/15 16:13:55 [AgentService] OpenClaw returned status 404
2026/04/15 16:14:24 [AgentService] OpenClaw returned status 404
2026/04/15 16:14:53 [AgentService] OpenClaw returned status 404
2026/04/15 16:15:22 [AgentService] OpenClaw returned status 404
2026/04/15 16:15:51 [AgentService] OpenClaw returned status 404
2026/04/15 16:16:20 [AgentService] OpenClaw returned status 404
2026/04/15 16:16:49 [AgentService] OpenClaw returned status 404
2026/04/15 16:17:18 [AgentService] OpenClaw returned status 404
2026/04/15 16:17:48 [AgentService] OpenClaw returned status 404
2026/04/15 16:18:17 [AgentService] OpenClaw returned status 404
2026/04/15 16:18:46 [AgentService] OpenClaw returned status 404
2026/04/15 16:19:15 [AgentService] OpenClaw returned status 404
2026/04/15 16:19:44 [AgentService] OpenClaw returned status 404
2026/04/15 16:20:13 [AgentService] OpenClaw returned status 404
2026/04/15 16:20:42 [AgentService] OpenClaw returned status 404
2026/04/15 16:21:11 [AgentService] OpenClaw returned status 404
2026/04/15 16:21:40 [AgentService] OpenClaw returned status 404
2026/04/15 16:22:09 [AgentService] OpenClaw returned status 404
2026/04/15 16:22:39 [AgentService] OpenClaw returned status 404
2026/04/15 16:23:08 [AgentService] OpenClaw returned status 404
2026/04/15 16:23:37 [AgentService] OpenClaw returned status 404
2026/04/15 16:24:06 [AgentService] OpenClaw returned status 404
2026/04/15 16:24:35 [AgentService] OpenClaw returned status 404
2026/04/15 16:25:04 [AgentService] OpenClaw returned status 404
2026/04/15 16:25:33 [AgentService] OpenClaw returned status 404
2026/04/15 16:26:02 [AgentService] OpenClaw returned status 404
2026/04/15 16:26:31 [AgentService] OpenClaw returned status 404
2026/04/15 16:27:00 [AgentService] OpenClaw returned status 404
2026/04/15 16:27:29 [AgentService] OpenClaw returned status 404
2026/04/15 16:27:59 [AgentService] OpenClaw returned status 404
2026/04/15 16:28:28 [AgentService] OpenClaw returned status 404
2026/04/15 16:28:57 [AgentService] OpenClaw returned status 404
2026/04/15 16:29:26 [AgentService] OpenClaw returned status 404
2026/04/15 16:29:55 [AgentService] OpenClaw returned status 404
2026/04/15 16:30:24 [AgentService] OpenClaw returned status 404
2026/04/15 16:30:53 [AgentService] OpenClaw returned status 404
2026/04/15 16:31:22 [AgentService] OpenClaw returned status 404
2026/04/15 16:31:51 [AgentService] OpenClaw returned status 404
2026/04/15 16:32:20 [AgentService] OpenClaw returned status 404
2026/04/15 16:32:49 [AgentService] OpenClaw returned status 404
2026/04/15 16:33:18 [AgentService] OpenClaw returned status 404
2026/04/15 16:33:48 [AgentService] OpenClaw returned status 404
2026/04/15 16:34:17 [AgentService] OpenClaw returned status 404
2026/04/15 16:34:46 [AgentService] OpenClaw returned status 404
2026/04/15 16:35:15 [AgentService] OpenClaw returned status 404
2026/04/15 16:35:44 [AgentService] OpenClaw returned status 404
2026/04/15 16:36:13 [AgentService] OpenClaw returned status 404
2026/04/15 16:36:42 [AgentService] OpenClaw returned status 404
2026/04/15 16:37:11 [AgentService] OpenClaw returned status 404
2026/04/15 16:37:40 [AgentService] OpenClaw returned status 404
2026/04/15 16:38:09 [AgentService] OpenClaw returned status 404
2026/04/15 16:38:38 [AgentService] OpenClaw returned status 404
2026/04/15 16:39:07 [AgentService] OpenClaw returned status 404
2026/04/15 16:39:36 [AgentService] OpenClaw returned status 404
2026/04/15 16:40:05 [AgentService] OpenClaw returned status 404
2026/04/15 16:40:34 [AgentService] OpenClaw returned status 404
2026/04/15 16:41:03 [AgentService] OpenClaw returned status 404
2026/04/15 16:41:33 [AgentService] OpenClaw returned status 404
2026/04/15 16:42:02 [AgentService] OpenClaw returned status 404
2026/04/15 16:42:31 [AgentService] OpenClaw returned status 404
2026/04/15 16:43:00 [AgentService] OpenClaw returned status 404
2026/04/15 16:43:29 [AgentService] OpenClaw returned status 404
2026/04/15 16:43:58 [AgentService] OpenClaw returned status 404
2026/04/15 16:44:27 [AgentService] OpenClaw returned status 404
2026/04/15 16:44:56 [AgentService] OpenClaw returned status 404
2026/04/15 16:45:25 [AgentService] OpenClaw returned status 404
2026/04/15 16:45:54 [AgentService] OpenClaw returned status 404
2026/04/15 16:46:23 [AgentService] OpenClaw returned status 404
2026/04/15 16:46:52 [AgentService] OpenClaw returned status 404
2026/04/15 16:47:21 [AgentService] OpenClaw returned status 404
2026/04/15 16:47:50 [AgentService] OpenClaw returned status 404
2026/04/15 16:48:19 [AgentService] OpenClaw returned status 404
2026/04/15 16:48:48 [AgentService] OpenClaw returned status 404
2026/04/15 16:49:17 [AgentService] OpenClaw returned status 404
2026/04/15 16:49:46 [AgentService] OpenClaw returned status 404
2026/04/15 16:50:15 [AgentService] OpenClaw returned status 404
2026/04/15 16:50:44 [AgentService] OpenClaw returned status 404
2026/04/15 16:51:13 [AgentService] OpenClaw returned status 404
2026/04/15 16:51:43 [AgentService] OpenClaw returned status 404
2026/04/15 16:52:12 [AgentService] OpenClaw returned status 404
2026/04/15 16:52:41 [AgentService] OpenClaw returned status 404
2026/04/15 16:53:10 [AgentService] OpenClaw returned status 404
2026/04/15 16:53:39 [AgentService] OpenClaw returned status 404
2026/04/15 16:54:08 [AgentService] OpenClaw returned status 404
2026/04/15 16:54:37 [AgentService] OpenClaw returned status 404
2026/04/15 16:55:06 [AgentService] OpenClaw returned status 404
2026/04/15 16:55:35 [AgentService] OpenClaw returned status 404
2026/04/15 16:56:04 [AgentService] OpenClaw returned status 404
2026/04/15 16:56:33 [AgentService] OpenClaw returned status 404
2026/04/15 16:57:02 [AgentService] OpenClaw returned status 404
2026/04/15 16:57:31 [AgentService] OpenClaw returned status 404
2026/04/15 16:58:00 [AgentService] OpenClaw returned status 404
2026/04/15 16:58:29 [AgentService] OpenClaw returned status 404
2026/04/15 16:58:58 [AgentService] OpenClaw returned status 404
2026/04/15 16:59:27 [AgentService] OpenClaw returned status 404
2026/04/15 16:59:56 [AgentService] OpenClaw returned status 404
2026/04/15 17:00:25 [AgentService] OpenClaw returned status 404
2026/04/15 17:00:54 [AgentService] OpenClaw returned status 404
2026/04/15 17:01:23 [AgentService] OpenClaw returned status 404
2026/04/15 17:01:52 [AgentService] OpenClaw returned status 404
2026/04/15 17:02:21 [AgentService] OpenClaw returned status 404
2026/04/15 17:02:50 [AgentService] OpenClaw returned status 404
2026/04/15 17:03:19 [AgentService] OpenClaw returned status 404
2026/04/15 17:03:48 [AgentService] OpenClaw returned status 404
2026/04/15 17:04:17 [AgentService] OpenClaw returned status 404
2026/04/15 17:04:46 [AgentService] OpenClaw returned status 404
2026/04/15 17:05:15 [AgentService] OpenClaw returned status 404
2026/04/15 17:05:44 [AgentService] OpenClaw returned status 404
2026/04/15 17:06:13 [AgentService] OpenClaw returned status 404
2026/04/15 17:06:42 [AgentService] OpenClaw returned status 404
2026/04/15 17:07:11 [AgentService] OpenClaw returned status 404
2026/04/15 17:07:40 [AgentService] OpenClaw returned status 404
2026/04/15 17:08:10 [AgentService] OpenClaw returned status 404
2026/04/15 17:08:39 [AgentService] OpenClaw returned status 404
2026/04/15 17:09:08 [AgentService] OpenClaw returned status 404
2026/04/15 17:09:37 [AgentService] OpenClaw returned status 404
2026/04/15 17:10:06 [AgentService] OpenClaw returned status 404
2026/04/15 17:10:35 [AgentService] OpenClaw returned status 404
2026/04/15 17:11:04 [AgentService] OpenClaw returned status 404
2026/04/15 17:11:33 [AgentService] OpenClaw returned status 404
2026/04/15 17:12:02 [AgentService] OpenClaw returned status 404
2026/04/15 17:12:31 [AgentService] OpenClaw returned status 404
2026/04/15 17:13:00 [AgentService] OpenClaw returned status 404
2026/04/15 17:13:29 [AgentService] OpenClaw returned status 404
2026/04/15 17:13:58 [AgentService] OpenClaw returned status 404
2026/04/15 17:14:27 [AgentService] OpenClaw returned status 404
2026/04/15 17:14:56 [AgentService] OpenClaw returned status 404
2026/04/15 17:15:25 [AgentService] OpenClaw returned status 404
2026/04/15 17:15:54 [AgentService] OpenClaw returned status 404
2026/04/15 17:16:23 [AgentService] OpenClaw returned status 404
2026/04/15 17:16:52 [AgentService] OpenClaw returned status 404
2026/04/15 17:17:21 [AgentService] OpenClaw returned status 404
2026/04/15 17:17:50 [AgentService] OpenClaw returned status 404
2026/04/15 17:18:19 [AgentService] OpenClaw returned status 404
2026/04/15 17:18:48 [AgentService] OpenClaw returned status 404
2026/04/15 17:19:17 [AgentService] OpenClaw returned status 404
2026/04/15 17:19:46 [AgentService] OpenClaw returned status 404
2026/04/15 17:20:15 [AgentService] OpenClaw returned status 404
2026/04/15 17:20:44 [AgentService] OpenClaw returned status 404
2026/04/15 17:21:13 [AgentService] OpenClaw returned status 404
2026/04/15 17:21:42 [AgentService] OpenClaw returned status 404
2026/04/15 17:22:11 [AgentService] OpenClaw returned status 404
2026/04/15 17:22:40 [AgentService] OpenClaw returned status 404
2026/04/15 17:23:09 [AgentService] OpenClaw returned status 404
2026/04/15 17:23:38 [AgentService] OpenClaw returned status 404
2026/04/15 17:24:07 [AgentService] OpenClaw returned status 404
2026/04/15 17:24:36 [AgentService] OpenClaw returned status 404
2026/04/15 17:25:05 [AgentService] OpenClaw returned status 404
2026/04/15 17:25:34 [AgentService] OpenClaw returned status 404
2026/04/15 17:26:03 [AgentService] OpenClaw returned status 404
2026/04/15 17:26:32 [AgentService] OpenClaw returned status 404
2026/04/15 17:27:01 [AgentService] OpenClaw returned status 404
2026/04/15 17:27:29 [AgentService] OpenClaw returned status 404
2026/04/15 17:27:59 [AgentService] OpenClaw returned status 404
2026/04/15 17:28:27 [AgentService] OpenClaw returned status 404
2026/04/15 17:28:56 [AgentService] OpenClaw returned status 404
2026/04/15 17:29:25 [AgentService] OpenClaw returned status 404
2026/04/15 17:29:54 [AgentService] OpenClaw returned status 404
2026/04/15 17:30:23 [AgentService] OpenClaw returned status 404
2026/04/15 17:30:52 [AgentService] OpenClaw returned status 404
2026/04/15 17:31:21 [AgentService] OpenClaw returned status 404
2026/04/15 17:31:50 [AgentService] OpenClaw returned status 404
2026/04/15 17:32:19 [AgentService] OpenClaw returned status 404
2026/04/15 17:32:48 [AgentService] OpenClaw returned status 404
2026/04/15 17:33:17 [AgentService] OpenClaw returned status 404
2026/04/15 17:33:46 [AgentService] OpenClaw returned status 404
2026/04/15 17:34:15 [AgentService] OpenClaw returned status 404
2026/04/15 17:34:45 [AgentService] OpenClaw returned status 404
2026/04/15 17:35:13 [AgentService] OpenClaw returned status 404
2026/04/15 17:35:42 [AgentService] OpenClaw returned status 404
2026/04/15 17:36:11 [AgentService] OpenClaw returned status 404
2026/04/15 17:36:40 [AgentService] OpenClaw returned status 404
2026/04/15 17:37:09 [AgentService] OpenClaw returned status 404
2026/04/15 17:37:38 [AgentService] OpenClaw returned status 404
2026/04/15 17:38:07 [AgentService] OpenClaw returned status 404
2026/04/15 17:38:36 [AgentService] OpenClaw returned status 404
2026/04/15 17:39:05 [AgentService] OpenClaw returned status 404
2026/04/15 17:39:34 [AgentService] OpenClaw returned status 404
2026/04/15 17:40:03 [AgentService] OpenClaw returned status 404
2026/04/15 17:40:32 [AgentService] OpenClaw returned status 404
2026/04/15 17:41:01 [AgentService] OpenClaw returned status 404
2026/04/15 17:41:30 [AgentService] OpenClaw returned status 404
2026/04/15 17:41:59 [AgentService] OpenClaw returned status 404
2026/04/15 17:42:28 [AgentService] OpenClaw returned status 404
2026/04/15 17:42:56 [AgentService] OpenClaw returned status 404
2026/04/15 17:43:25 [AgentService] OpenClaw returned status 404
2026/04/15 17:43:54 [AgentService] OpenClaw returned status 404
2026/04/15 17:44:23 [AgentService] OpenClaw returned status 404
2026/04/15 17:44:52 [AgentService] OpenClaw returned status 404
2026/04/15 17:45:21 [AgentService] OpenClaw returned status 404
2026/04/15 17:45:50 [AgentService] OpenClaw returned status 404
2026/04/15 17:46:19 [AgentService] OpenClaw returned status 404
2026/04/15 17:46:48 [AgentService] OpenClaw returned status 404
2026/04/15 17:47:17 [AgentService] OpenClaw returned status 404
2026/04/15 17:47:46 [AgentService] OpenClaw returned status 404
2026/04/15 17:48:15 [AgentService] OpenClaw returned status 404
2026/04/15 17:48:44 [AgentService] OpenClaw returned status 404
2026/04/15 17:49:13 [AgentService] OpenClaw returned status 404
2026/04/15 17:49:42 [AgentService] OpenClaw returned status 404
2026/04/15 17:50:11 [AgentService] OpenClaw returned status 404
2026/04/15 17:50:40 [AgentService] OpenClaw returned status 404
2026/04/15 17:51:09 [AgentService] OpenClaw returned status 404
2026/04/15 17:51:38 [AgentService] OpenClaw returned status 404
2026/04/15 17:52:06 [AgentService] OpenClaw returned status 404
2026/04/15 17:52:35 [AgentService] OpenClaw returned status 404
2026/04/15 17:53:04 [AgentService] OpenClaw returned status 404
2026/04/15 17:53:33 [AgentService] OpenClaw returned status 404
2026/04/15 17:54:02 [AgentService] OpenClaw returned status 404
2026/04/15 17:54:31 [AgentService] OpenClaw returned status 404
2026/04/15 17:55:00 [AgentService] OpenClaw returned status 404
2026/04/15 17:55:29 [AgentService] OpenClaw returned status 404
2026/04/15 17:55:58 [AgentService] OpenClaw returned status 404
2026/04/15 17:56:27 [AgentService] OpenClaw returned status 404
2026/04/15 17:56:56 [AgentService] OpenClaw returned status 404
2026/04/15 17:57:25 [AgentService] OpenClaw returned status 404
2026/04/15 17:57:54 [AgentService] OpenClaw returned status 404
2026/04/15 17:58:23 [AgentService] OpenClaw returned status 404
2026/04/15 17:58:52 [AgentService] OpenClaw returned status 404
