0 verbose cli /usr/bin/node /usr/bin/npm
1 info using npm@10.9.7
2 info using node@v22.22.2
3 silly config load:file:/usr/lib/node_modules/npm/npmrc
4 silly config load:file:/mnt/d/Workspace/Main Repo/sirius/web/.npmrc
5 silly config load:file:/home/peter/.npmrc
6 silly config load:file:/home/peter/.npm-global/etc/npmrc
7 verbose title npm install
8 verbose argv "install"
9 verbose logfile logs-max:10 dir:/mnt/d/Workspace/Main Repo/sirius/web/C:\npm-cache/_logs/2026-04-15T20_54_55_962Z-
10 verbose logfile /mnt/d/Workspace/Main Repo/sirius/web/C:\npm-cache/_logs/2026-04-15T20_54_55_962Z-debug-0.log
11 silly logfile done cleaning log files
12 silly packumentCache heap:4345298944 maxSize:1086324736 maxEntrySize:543162368
13 silly idealTree buildDeps
14 silly reify moves {}
15 silly audit bulk request {
15 silly audit   '@babel/helper-string-parser': [ '7.27.1' ],
15 silly audit   '@babel/helper-validator-identifier': [ '7.28.5' ],
15 silly audit   '@babel/parser': [ '7.29.2' ],
15 silly audit   '@babel/types': [ '7.29.0' ],
15 silly audit   '@esbuild/aix-ppc64': [ '0.21.5' ],
15 silly audit   '@esbuild/android-arm': [ '0.21.5' ],
15 silly audit   '@esbuild/android-arm64': [ '0.21.5' ],
15 silly audit   '@esbuild/android-x64': [ '0.21.5' ],
15 silly audit   '@esbuild/darwin-arm64': [ '0.21.5' ],
15 silly audit   '@esbuild/darwin-x64': [ '0.21.5' ],
15 silly audit   '@esbuild/freebsd-arm64': [ '0.21.5' ],
15 silly audit   '@esbuild/freebsd-x64': [ '0.21.5' ],
15 silly audit   '@esbuild/linux-arm': [ '0.21.5' ],
15 silly audit   '@esbuild/linux-arm64': [ '0.21.5' ],
15 silly audit   '@esbuild/linux-ia32': [ '0.21.5' ],
15 silly audit   '@esbuild/linux-loong64': [ '0.21.5' ],
15 silly audit   '@esbuild/linux-mips64el': [ '0.21.5' ],
15 silly audit   '@esbuild/linux-ppc64': [ '0.21.5' ],
15 silly audit   '@esbuild/linux-riscv64': [ '0.21.5' ],
15 silly audit   '@esbuild/linux-s390x': [ '0.21.5' ],
15 silly audit   '@esbuild/linux-x64': [ '0.21.5' ],
15 silly audit   '@esbuild/netbsd-x64': [ '0.21.5' ],
15 silly audit   '@esbuild/openbsd-x64': [ '0.21.5' ],
15 silly audit   '@esbuild/sunos-x64': [ '0.21.5' ],
15 silly audit   '@esbuild/win32-arm64': [ '0.21.5' ],
15 silly audit   '@esbuild/win32-ia32': [ '0.21.5' ],
15 silly audit   '@esbuild/win32-x64': [ '0.21.5' ],
15 silly audit   '@jridgewell/sourcemap-codec': [ '1.5.5' ],
15 silly audit   '@kurkle/color': [ '0.3.4' ],
15 silly audit   '@rollup/rollup-android-arm-eabi': [ '4.60.1' ],
15 silly audit   '@rollup/rollup-android-arm64': [ '4.60.1' ],
15 silly audit   '@rollup/rollup-darwin-arm64': [ '4.60.1' ],
15 silly audit   '@rollup/rollup-darwin-x64': [ '4.60.1' ],
15 silly audit   '@rollup/rollup-freebsd-arm64': [ '4.60.1' ],
15 silly audit   '@rollup/rollup-freebsd-x64': [ '4.60.1' ],
15 silly audit   '@rollup/rollup-linux-arm-gnueabihf': [ '4.60.1' ],
15 silly audit   '@rollup/rollup-linux-arm-musleabihf': [ '4.60.1' ],
15 silly audit   '@rollup/rollup-linux-arm64-gnu': [ '4.60.1' ],
15 silly audit   '@rollup/rollup-linux-arm64-musl': [ '4.60.1' ],
15 silly audit   '@rollup/rollup-linux-loong64-gnu': [ '4.60.1' ],
15 silly audit   '@rollup/rollup-linux-loong64-musl': [ '4.60.1' ],
15 silly audit   '@rollup/rollup-linux-ppc64-gnu': [ '4.60.1' ],
15 silly audit   '@rollup/rollup-linux-ppc64-musl': [ '4.60.1' ],
15 silly audit   '@rollup/rollup-linux-riscv64-gnu': [ '4.60.1' ],
15 silly audit   '@rollup/rollup-linux-riscv64-musl': [ '4.60.1' ],
15 silly audit   '@rollup/rollup-linux-s390x-gnu': [ '4.60.1' ],
15 silly audit   '@rollup/rollup-linux-x64-gnu': [ '4.60.1' ],
15 silly audit   '@rollup/rollup-linux-x64-musl': [ '4.60.1' ],
15 silly audit   '@rollup/rollup-openbsd-x64': [ '4.60.1' ],
15 silly audit   '@rollup/rollup-openharmony-arm64': [ '4.60.1' ],
15 silly audit   '@rollup/rollup-win32-arm64-msvc': [ '4.60.1' ],
15 silly audit   '@rollup/rollup-win32-ia32-msvc': [ '4.60.1' ],
15 silly audit   '@rollup/rollup-win32-x64-gnu': [ '4.60.1' ],
15 silly audit   '@rollup/rollup-win32-x64-msvc': [ '4.60.1' ],
15 silly audit   '@types/estree': [ '1.0.8' ],
15 silly audit   '@types/web-bluetooth': [ '0.0.20' ],
15 silly audit   '@vitejs/plugin-vue': [ '5.2.4' ],
15 silly audit   '@vue/compiler-core': [ '3.5.32' ],
15 silly audit   '@vue/compiler-dom': [ '3.5.32' ],
15 silly audit   '@vue/compiler-sfc': [ '3.5.32' ],
15 silly audit   '@vue/compiler-ssr': [ '3.5.32' ],
15 silly audit   '@vue/devtools-api': [ '6.6.4' ],
15 silly audit   '@vue/reactivity': [ '3.5.32' ],
15 silly audit   '@vue/runtime-core': [ '3.5.32' ],
15 silly audit   '@vue/runtime-dom': [ '3.5.32' ],
15 silly audit   '@vue/server-renderer': [ '3.5.32' ],
15 silly audit   '@vue/shared': [ '3.5.32' ],
15 silly audit   '@vueuse/core': [ '11.3.0' ],
15 silly audit   'vue-demi': [ '0.14.10' ],
15 silly audit   '@vueuse/metadata': [ '11.3.0' ],
15 silly audit   '@vueuse/shared': [ '11.3.0' ],
15 silly audit   asynckit: [ '0.4.0' ],
15 silly audit   axios: [ '1.15.0' ],
15 silly audit   'call-bind-apply-helpers': [ '1.0.2' ],
15 silly audit   'chart.js': [ '4.5.1' ],
15 silly audit   'combined-stream': [ '1.0.8' ],
15 silly audit   csstype: [ '3.2.3' ],
15 silly audit   'delayed-stream': [ '1.0.0' ],
15 silly audit   'dunder-proto': [ '1.0.1' ],
15 silly audit   entities: [ '7.0.1' ],
15 silly audit   'es-define-property': [ '1.0.1' ],
15 silly audit   'es-errors': [ '1.3.0' ],
15 silly audit   'es-object-atoms': [ '1.1.1' ],
15 silly audit   'es-set-tostringtag': [ '2.1.0' ],
15 silly audit   esbuild: [ '0.21.5' ],
15 silly audit   'estree-walker': [ '2.0.2' ],
15 silly audit   'follow-redirects': [ '1.16.0' ],
15 silly audit   'form-data': [ '4.0.5' ],
15 silly audit   fsevents: [ '2.3.3' ],
15 silly audit   'function-bind': [ '1.1.2' ],
15 silly audit   'get-intrinsic': [ '1.3.0' ],
15 silly audit   'get-proto': [ '1.0.1' ],
15 silly audit   gopd: [ '1.2.0' ],
15 silly audit   'has-symbols': [ '1.1.0' ],
15 silly audit   'has-tostringtag': [ '1.0.2' ],
15 silly audit   hasown: [ '2.0.2' ],
15 silly audit   'magic-string': [ '0.30.21' ],
15 silly audit   'math-intrinsics': [ '1.1.0' ],
15 silly audit   'mime-db': [ '1.52.0' ],
15 silly audit   'mime-types': [ '2.1.35' ],
15 silly audit   nanoid: [ '3.3.11' ],
15 silly audit   picocolors: [ '1.1.1' ],
15 silly audit   postcss: [ '8.5.10' ],
15 silly audit   'proxy-from-env': [ '2.1.0' ],
15 silly audit   rollup: [ '4.60.1' ],
15 silly audit   'source-map-js': [ '1.2.1' ],
15 silly audit   vite: [ '5.4.21' ],
15 silly audit   vue: [ '3.5.32' ],
15 silly audit   'vue-chartjs': [ '5.3.3' ],
15 silly audit   'vue-router': [ '4.6.4' ]
15 silly audit }
16 verbose reify failed optional dependency /mnt/d/Workspace/Main Repo/sirius/web/node_modules/fsevents
17 silly reify mark deleted [ '/mnt/d/Workspace/Main Repo/sirius/web/node_modules/fsevents' ]
18 verbose reify failed optional dependency /mnt/d/Workspace/Main Repo/sirius/web/node_modules/@rollup/rollup-win32-x64-msvc
19 silly reify mark deleted [
19 silly reify   '/mnt/d/Workspace/Main Repo/sirius/web/node_modules/@rollup/rollup-win32-x64-msvc'
19 silly reify ]
20 verbose reify failed optional dependency /mnt/d/Workspace/Main Repo/sirius/web/node_modules/@rollup/rollup-win32-x64-gnu
21 silly reify mark deleted [
21 silly reify   '/mnt/d/Workspace/Main Repo/sirius/web/node_modules/@rollup/rollup-win32-x64-gnu'
21 silly reify ]
22 verbose reify failed optional dependency /mnt/d/Workspace/Main Repo/sirius/web/node_modules/@rollup/rollup-win32-ia32-msvc
23 silly reify mark deleted [
23 silly reify   '/mnt/d/Workspace/Main Repo/sirius/web/node_modules/@rollup/rollup-win32-ia32-msvc'
23 silly reify ]
24 verbose reify failed optional dependency /mnt/d/Workspace/Main Repo/sirius/web/node_modules/@rollup/rollup-win32-arm64-msvc
25 silly reify mark deleted [
25 silly reify   '/mnt/d/Workspace/Main Repo/sirius/web/node_modules/@rollup/rollup-win32-arm64-msvc'
25 silly reify ]
26 verbose reify failed optional dependency /mnt/d/Workspace/Main Repo/sirius/web/node_modules/@rollup/rollup-openharmony-arm64
27 silly reify mark deleted [
27 silly reify   '/mnt/d/Workspace/Main Repo/sirius/web/node_modules/@rollup/rollup-openharmony-arm64'
27 silly reify ]
28 verbose reify failed optional dependency /mnt/d/Workspace/Main Repo/sirius/web/node_modules/@rollup/rollup-openbsd-x64
29 silly reify mark deleted [
29 silly reify   '/mnt/d/Workspace/Main Repo/sirius/web/node_modules/@rollup/rollup-openbsd-x64'
29 silly reify ]
30 verbose reify failed optional dependency /mnt/d/Workspace/Main Repo/sirius/web/node_modules/@rollup/rollup-linux-s390x-gnu
31 silly reify mark deleted [
31 silly reify   '/mnt/d/Workspace/Main Repo/sirius/web/node_modules/@rollup/rollup-linux-s390x-gnu'
31 silly reify ]
32 verbose reify failed optional dependency /mnt/d/Workspace/Main Repo/sirius/web/node_modules/@rollup/rollup-linux-riscv64-musl
33 silly reify mark deleted [
33 silly reify   '/mnt/d/Workspace/Main Repo/sirius/web/node_modules/@rollup/rollup-linux-riscv64-musl'
33 silly reify ]
34 verbose reify failed optional dependency /mnt/d/Workspace/Main Repo/sirius/web/node_modules/@rollup/rollup-linux-riscv64-gnu
35 silly reify mark deleted [
35 silly reify   '/mnt/d/Workspace/Main Repo/sirius/web/node_modules/@rollup/rollup-linux-riscv64-gnu'
35 silly reify ]
36 verbose reify failed optional dependency /mnt/d/Workspace/Main Repo/sirius/web/node_modules/@rollup/rollup-linux-ppc64-musl
37 silly reify mark deleted [
37 silly reify   '/mnt/d/Workspace/Main Repo/sirius/web/node_modules/@rollup/rollup-linux-ppc64-musl'
37 silly reify ]
38 verbose reify failed optional dependency /mnt/d/Workspace/Main Repo/sirius/web/node_modules/@rollup/rollup-linux-ppc64-gnu
39 silly reify mark deleted [
39 silly reify   '/mnt/d/Workspace/Main Repo/sirius/web/node_modules/@rollup/rollup-linux-ppc64-gnu'
39 silly reify ]
40 verbose reify failed optional dependency /mnt/d/Workspace/Main Repo/sirius/web/node_modules/@rollup/rollup-linux-loong64-musl
41 silly reify mark deleted [
41 silly reify   '/mnt/d/Workspace/Main Repo/sirius/web/node_modules/@rollup/rollup-linux-loong64-musl'
41 silly reify ]
42 verbose reify failed optional dependency /mnt/d/Workspace/Main Repo/sirius/web/node_modules/@rollup/rollup-linux-loong64-gnu
43 silly reify mark deleted [
43 silly reify   '/mnt/d/Workspace/Main Repo/sirius/web/node_modules/@rollup/rollup-linux-loong64-gnu'
43 silly reify ]
44 verbose reify failed optional dependency /mnt/d/Workspace/Main Repo/sirius/web/node_modules/@rollup/rollup-linux-arm64-musl
45 silly reify mark deleted [
45 silly reify   '/mnt/d/Workspace/Main Repo/sirius/web/node_modules/@rollup/rollup-linux-arm64-musl'
45 silly reify ]
46 verbose reify failed optional dependency /mnt/d/Workspace/Main Repo/sirius/web/node_modules/@rollup/rollup-linux-arm64-gnu
47 silly reify mark deleted [
47 silly reify   '/mnt/d/Workspace/Main Repo/sirius/web/node_modules/@rollup/rollup-linux-arm64-gnu'
47 silly reify ]
48 verbose reify failed optional dependency /mnt/d/Workspace/Main Repo/sirius/web/node_modules/@rollup/rollup-linux-arm-musleabihf
49 silly reify mark deleted [
49 silly reify   '/mnt/d/Workspace/Main Repo/sirius/web/node_modules/@rollup/rollup-linux-arm-musleabihf'
49 silly reify ]
50 verbose reify failed optional dependency /mnt/d/Workspace/Main Repo/sirius/web/node_modules/@rollup/rollup-linux-arm-gnueabihf
51 silly reify mark deleted [
51 silly reify   '/mnt/d/Workspace/Main Repo/sirius/web/node_modules/@rollup/rollup-linux-arm-gnueabihf'
51 silly reify ]
52 verbose reify failed optional dependency /mnt/d/Workspace/Main Repo/sirius/web/node_modules/@rollup/rollup-freebsd-x64
53 silly reify mark deleted [
53 silly reify   '/mnt/d/Workspace/Main Repo/sirius/web/node_modules/@rollup/rollup-freebsd-x64'
53 silly reify ]
54 verbose reify failed optional dependency /mnt/d/Workspace/Main Repo/sirius/web/node_modules/@rollup/rollup-freebsd-arm64
55 silly reify mark deleted [
55 silly reify   '/mnt/d/Workspace/Main Repo/sirius/web/node_modules/@rollup/rollup-freebsd-arm64'
55 silly reify ]
56 verbose reify failed optional dependency /mnt/d/Workspace/Main Repo/sirius/web/node_modules/@rollup/rollup-darwin-x64
57 silly reify mark deleted [
57 silly reify   '/mnt/d/Workspace/Main Repo/sirius/web/node_modules/@rollup/rollup-darwin-x64'
57 silly reify ]
58 verbose reify failed optional dependency /mnt/d/Workspace/Main Repo/sirius/web/node_modules/@rollup/rollup-darwin-arm64
59 silly reify mark deleted [
59 silly reify   '/mnt/d/Workspace/Main Repo/sirius/web/node_modules/@rollup/rollup-darwin-arm64'
59 silly reify ]
60 verbose reify failed optional dependency /mnt/d/Workspace/Main Repo/sirius/web/node_modules/@rollup/rollup-android-arm64
61 silly reify mark deleted [
61 silly reify   '/mnt/d/Workspace/Main Repo/sirius/web/node_modules/@rollup/rollup-android-arm64'
61 silly reify ]
62 verbose reify failed optional dependency /mnt/d/Workspace/Main Repo/sirius/web/node_modules/@rollup/rollup-android-arm-eabi
63 silly reify mark deleted [
63 silly reify   '/mnt/d/Workspace/Main Repo/sirius/web/node_modules/@rollup/rollup-android-arm-eabi'
63 silly reify ]
64 verbose reify failed optional dependency /mnt/d/Workspace/Main Repo/sirius/web/node_modules/@esbuild/win32-x64
65 silly reify mark deleted [
65 silly reify   '/mnt/d/Workspace/Main Repo/sirius/web/node_modules/@esbuild/win32-x64'
65 silly reify ]
66 verbose reify failed optional dependency /mnt/d/Workspace/Main Repo/sirius/web/node_modules/@esbuild/win32-ia32
67 silly reify mark deleted [
67 silly reify   '/mnt/d/Workspace/Main Repo/sirius/web/node_modules/@esbuild/win32-ia32'
67 silly reify ]
68 verbose reify failed optional dependency /mnt/d/Workspace/Main Repo/sirius/web/node_modules/@esbuild/win32-arm64
69 silly reify mark deleted [
69 silly reify   '/mnt/d/Workspace/Main Repo/sirius/web/node_modules/@esbuild/win32-arm64'
69 silly reify ]
70 verbose reify failed optional dependency /mnt/d/Workspace/Main Repo/sirius/web/node_modules/@esbuild/sunos-x64
71 silly reify mark deleted [
71 silly reify   '/mnt/d/Workspace/Main Repo/sirius/web/node_modules/@esbuild/sunos-x64'
71 silly reify ]
72 verbose reify failed optional dependency /mnt/d/Workspace/Main Repo/sirius/web/node_modules/@esbuild/openbsd-x64
73 silly reify mark deleted [
73 silly reify   '/mnt/d/Workspace/Main Repo/sirius/web/node_modules/@esbuild/openbsd-x64'
73 silly reify ]
74 verbose reify failed optional dependency /mnt/d/Workspace/Main Repo/sirius/web/node_modules/@esbuild/netbsd-x64
75 silly reify mark deleted [
75 silly reify   '/mnt/d/Workspace/Main Repo/sirius/web/node_modules/@esbuild/netbsd-x64'
75 silly reify ]
76 verbose reify failed optional dependency /mnt/d/Workspace/Main Repo/sirius/web/node_modules/@esbuild/linux-s390x
77 silly reify mark deleted [
77 silly reify   '/mnt/d/Workspace/Main Repo/sirius/web/node_modules/@esbuild/linux-s390x'
77 silly reify ]
78 verbose reify failed optional dependency /mnt/d/Workspace/Main Repo/sirius/web/node_modules/@esbuild/linux-riscv64
79 silly reify mark deleted [
79 silly reify   '/mnt/d/Workspace/Main Repo/sirius/web/node_modules/@esbuild/linux-riscv64'
79 silly reify ]
80 verbose reify failed optional dependency /mnt/d/Workspace/Main Repo/sirius/web/node_modules/@esbuild/linux-ppc64
81 silly reify mark deleted [
81 silly reify   '/mnt/d/Workspace/Main Repo/sirius/web/node_modules/@esbuild/linux-ppc64'
81 silly reify ]
82 verbose reify failed optional dependency /mnt/d/Workspace/Main Repo/sirius/web/node_modules/@esbuild/linux-mips64el
83 silly reify mark deleted [
83 silly reify   '/mnt/d/Workspace/Main Repo/sirius/web/node_modules/@esbuild/linux-mips64el'
83 silly reify ]
84 verbose reify failed optional dependency /mnt/d/Workspace/Main Repo/sirius/web/node_modules/@esbuild/linux-loong64
85 silly reify mark deleted [
85 silly reify   '/mnt/d/Workspace/Main Repo/sirius/web/node_modules/@esbuild/linux-loong64'
85 silly reify ]
86 verbose reify failed optional dependency /mnt/d/Workspace/Main Repo/sirius/web/node_modules/@esbuild/linux-ia32
87 silly reify mark deleted [
87 silly reify   '/mnt/d/Workspace/Main Repo/sirius/web/node_modules/@esbuild/linux-ia32'
87 silly reify ]
88 verbose reify failed optional dependency /mnt/d/Workspace/Main Repo/sirius/web/node_modules/@esbuild/linux-arm64
89 silly reify mark deleted [
89 silly reify   '/mnt/d/Workspace/Main Repo/sirius/web/node_modules/@esbuild/linux-arm64'
89 silly reify ]
90 verbose reify failed optional dependency /mnt/d/Workspace/Main Repo/sirius/web/node_modules/@esbuild/linux-arm
91 silly reify mark deleted [
91 silly reify   '/mnt/d/Workspace/Main Repo/sirius/web/node_modules/@esbuild/linux-arm'
91 silly reify ]
92 verbose reify failed optional dependency /mnt/d/Workspace/Main Repo/sirius/web/node_modules/@esbuild/freebsd-x64
93 silly reify mark deleted [
93 silly reify   '/mnt/d/Workspace/Main Repo/sirius/web/node_modules/@esbuild/freebsd-x64'
93 silly reify ]
94 verbose reify failed optional dependency /mnt/d/Workspace/Main Repo/sirius/web/node_modules/@esbuild/freebsd-arm64
95 silly reify mark deleted [
95 silly reify   '/mnt/d/Workspace/Main Repo/sirius/web/node_modules/@esbuild/freebsd-arm64'
95 silly reify ]
96 verbose reify failed optional dependency /mnt/d/Workspace/Main Repo/sirius/web/node_modules/@esbuild/darwin-x64
97 silly reify mark deleted [
97 silly reify   '/mnt/d/Workspace/Main Repo/sirius/web/node_modules/@esbuild/darwin-x64'
97 silly reify ]
98 verbose reify failed optional dependency /mnt/d/Workspace/Main Repo/sirius/web/node_modules/@esbuild/darwin-arm64
99 silly reify mark deleted [
99 silly reify   '/mnt/d/Workspace/Main Repo/sirius/web/node_modules/@esbuild/darwin-arm64'
99 silly reify ]
100 verbose reify failed optional dependency /mnt/d/Workspace/Main Repo/sirius/web/node_modules/@esbuild/android-x64
101 silly reify mark deleted [
101 silly reify   '/mnt/d/Workspace/Main Repo/sirius/web/node_modules/@esbuild/android-x64'
101 silly reify ]
102 verbose reify failed optional dependency /mnt/d/Workspace/Main Repo/sirius/web/node_modules/@esbuild/android-arm64
103 silly reify mark deleted [
103 silly reify   '/mnt/d/Workspace/Main Repo/sirius/web/node_modules/@esbuild/android-arm64'
103 silly reify ]
104 verbose reify failed optional dependency /mnt/d/Workspace/Main Repo/sirius/web/node_modules/@esbuild/android-arm
105 silly reify mark deleted [
105 silly reify   '/mnt/d/Workspace/Main Repo/sirius/web/node_modules/@esbuild/android-arm'
105 silly reify ]
106 verbose reify failed optional dependency /mnt/d/Workspace/Main Repo/sirius/web/node_modules/@esbuild/aix-ppc64
107 silly reify mark deleted [
107 silly reify   '/mnt/d/Workspace/Main Repo/sirius/web/node_modules/@esbuild/aix-ppc64'
107 silly reify ]
108 http cache @rollup/rollup-linux-x64-musl@https://registry.npmmirror.com/@rollup/rollup-linux-x64-musl/-/rollup-linux-x64-musl-4.60.1.tgz 0ms (cache hit)
109 silly tarball no local data for @rollup/rollup-linux-x64-musl@https://registry.npmmirror.com/@rollup/rollup-linux-x64-musl/-/rollup-linux-x64-musl-4.60.1.tgz. Extracting by manifest.
110 http fetch POST 404 https://registry.npmmirror.com/-/npm/v1/security/advisories/bulk 1492ms
111 silly audit bulk request failed [object Object]
112 http fetch POST 404 https://registry.npmmirror.com/-/npm/v1/security/audits/quick 114ms
113 verbose audit error HttpErrorGeneral: 404 Not Found - POST https://registry.npmmirror.com/-/npm/v1/security/audits/quick - [NOT_IMPLEMENTED] /-/npm/v1/security/* not implemented yet
113 verbose audit error     at /usr/lib/node_modules/npm/node_modules/npm-registry-fetch/lib/check-response.js:103:15
113 verbose audit error     at process.processTicksAndRejections (node:internal/process/task_queues:103:5)
113 verbose audit error     at async [getReport] (/usr/lib/node_modules/npm/node_modules/@npmcli/arborist/lib/audit-report.js:336:21)
113 verbose audit error     at async AuditReport.run (/usr/lib/node_modules/npm/node_modules/@npmcli/arborist/lib/audit-report.js:106:19) {
113 verbose audit error   headers: [Object: null prototype] {
113 verbose audit error     server: [ 'Tengine' ],
113 verbose audit error     date: [ 'Wed, 15 Apr 2026 20:54:57 GMT' ],
113 verbose audit error     'content-type': [ 'application/json' ],
113 verbose audit error     'transfer-encoding': [ 'chunked' ],
113 verbose audit error     connection: [ 'keep-alive' ],
113 verbose audit error     'strict-transport-security': [ 'max-age=5184000' ],
113 verbose audit error     via: [ 'ens-cache8.us37[,404666]' ],
113 verbose audit error     'timing-allow-origin': [ '*' ],
113 verbose audit error     eagleid: [ '9b66829c17762864975781019e' ],
113 verbose audit error     'x-fetch-attempts': [ '1' ]
113 verbose audit error   },
113 verbose audit error   statusCode: 404,
113 verbose audit error   code: 'E404',
113 verbose audit error   method: 'POST',
113 verbose audit error   uri: 'https://registry.npmmirror.com/-/npm/v1/security/audits/quick',
113 verbose audit error   body: {
113 verbose audit error     error: '[NOT_IMPLEMENTED] /-/npm/v1/security/* not implemented yet'
113 verbose audit error   },
113 verbose audit error   pkgid: undefined
113 verbose audit error }
114 silly audit error [object Object]
115 silly audit report null
116 http fetch GET 200 https://cdn.npmmirror.com/packages/%40rollup/rollup-linux-x64-musl/4.60.1/rollup-linux-x64-musl-4.60.1.tgz 3796ms (cache miss)
117 silly ADD
118 silly ADD
119 silly ADD
120 silly ADD
121 silly ADD
122 silly ADD
123 silly ADD
124 silly ADD node_modules/@rollup/rollup-linux-x64-musl
125 silly ADD
126 silly ADD
127 silly ADD
128 silly ADD
129 silly ADD
130 silly ADD
131 silly ADD
132 silly ADD
133 silly ADD
134 silly ADD
135 silly ADD
136 silly ADD
137 silly ADD
138 silly ADD
139 silly ADD
140 silly ADD
141 silly ADD
142 silly ADD
143 silly ADD
144 silly ADD
145 silly ADD
146 silly ADD
147 silly ADD
148 silly ADD
149 silly ADD
150 silly ADD
151 silly ADD
152 silly ADD
153 silly ADD
154 silly ADD
155 silly ADD
156 silly ADD
157 silly ADD
158 silly ADD
159 silly ADD
160 silly ADD
161 silly ADD
162 silly ADD
163 silly ADD
164 verbose cwd /mnt/d/Workspace/Main Repo/sirius/web
165 verbose os Linux 6.6.87.2-microsoft-standard-WSL2
166 verbose node v22.22.2
167 verbose npm  v10.9.7
168 verbose exit 0
169 info ok
