0 verbose cli /usr/bin/node /usr/bin/npm
1 info using npm@10.9.7
2 info using node@v22.22.2
3 silly config load:file:/usr/lib/node_modules/npm/npmrc
4 silly config load:file:/mnt/d/Workspace/Main Repo/sirius/web/.npmrc
5 silly config load:file:/home/peter/.npmrc
6 silly config load:file:/home/peter/.npm-global/etc/npmrc
7 verbose title npm run build
8 verbose argv "run" "build"
9 verbose logfile logs-max:10 dir:/mnt/d/Workspace/Main Repo/sirius/web/C:\npm-cache/_logs/2026-04-15T18_44_10_059Z-
10 verbose logfile /mnt/d/Workspace/Main Repo/sirius/web/C:\npm-cache/_logs/2026-04-15T18_44_10_059Z-debug-0.log
11 silly logfile done cleaning log files
12 http fetch GET 200 https://registry.npmmirror.com/npm 1866ms
13 verbose cwd /mnt/d/Workspace/Main Repo/sirius/web
14 verbose os Linux 6.6.87.2-microsoft-standard-WSL2
15 verbose node v22.22.2
16 verbose npm  v10.9.7
17 notice
17 notice New major version of npm available! 10.9.7 -> 11.12.1
17 notice Changelog: https://github.com/npm/cli/releases/tag/v11.12.1
17 notice To update run: npm install -g npm@11.12.1
17 notice  { force: true, [Symbol(proc-log.meta)]: true }
18 verbose exit 0
19 info ok
